<?xml version="1.0" encoding="UTF-8"?>
<!-- Generated by org.testng.reporters.JUnitReportReporter -->
<testsuite hostname="Preetam" failures="0" tests="4" name="com.RESTAPI.Tests.FetchRecordsAndPrintInConcole" time="1.760" errors="0" timestamp="2023-07-17T21:40:45 EDT" skipped="3">
  <testcase classname="com.RESTAPI.Tests.FetchRecordsAndPrintInConcole" name="deleteZeroRecord" time="1.760"/>
  <system-out/>
  <testcase classname="com.RESTAPI.Tests.FetchRecordsAndPrintInConcole" name="CreateRecord">
    <skipped/>
  </testcase> <!-- CreateRecord -->
  <system-out/>
  <testcase classname="com.RESTAPI.Tests.FetchRecordsAndPrintInConcole" name="deleteRecord">
    <skipped/>
  </testcase> <!-- deleteRecord -->
  <system-out/>
  <testcase classname="com.RESTAPI.Tests.FetchRecordsAndPrintInConcole" name="GetAllRecord">
    <skipped/>
  </testcase> <!-- GetAllRecord -->
  <system-out/>
</testsuite> <!-- com.RESTAPI.Tests.FetchRecordsAndPrintInConcole -->
